<?xml version="1.0" encoding="UTF-8"?>
<!-- Generated by org.testng.reporters.JUnitReportReporter -->
<testsuite hostname="asd" name="Selenium.Project.Browserlaunch" tests="1" failures="0" timestamp="15 Apr 2020 16:33:50 GMT" time="9.903" errors="0">
  <testcase name="test" time="9.903" classname="Selenium.Project.Browserlaunch"/>
</testsuite> <!-- Selenium.Project.Browserlaunch -->
