<?xml version="1.0" encoding="UTF-8"?>
<!-- Generated by org.testng.reporters.JUnitReportReporter -->
<testsuite hostname="asd" name="Selenium.Project.DropDown" tests="1" failures="0" timestamp="14 Apr 2020 13:09:25 GMT" time="8.318" errors="0">
  <testcase name="dropdowntest" time="8.318" classname="Selenium.Project.DropDown"/>
</testsuite> <!-- Selenium.Project.DropDown -->
