<?xml version="1.0" encoding="UTF-8"?>
<!-- Generated by org.testng.reporters.JUnitReportReporter -->
<testsuite hostname="asd" name="Selenium.Project.Launch" tests="1" failures="0" timestamp="13 Apr 2020 06:35:46 GMT" time="2.321" errors="0">
  <testcase name="test" time="2.321" classname="Selenium.Project.Launch"/>
</testsuite> <!-- Selenium.Project.Launch -->
